<?xml version="1.0" encoding="UTF-8"?>
<!-- Generated by org.testng.reporters.JUnitReportReporter -->
<testsuite hostname="LAPTOP-LFMLON88" failures="0" tests="1" name="test.PBtest_usingPropertiesFile" time="12.559" errors="0" timestamp="2023-07-25T15:20:12 IST" skipped="0">
  <testcase classname="test.PBtest_usingPropertiesFile" name="validateUserName" time="12.559">
    <system-out>
      <![CDATA[TC Execution started for TC validateUserName
waiting for 1000milli sec
getting ActualUserName
waiting for 1000milli sec
reading dataUNFrom propertyFile
TC validateUserNamePassed successfull]]>
    </system-out>
  </testcase> <!-- validateUserName -->
  <system-out>
    <![CDATA[waiting for 100milli sec
reading dataurlFrom propertyFile
Launching browser
waiting for 1000milli sec
Clicking on Home Page 'Sign In' Button
waiting for 1000milli sec
reading datamobNumFrom propertyFile
entering mobile number
waiting for 1000milli sec
clicking on SignInwithPassword button
waiting for 1000milli sec
reading datapwdFrom propertyFile
Entering Password
waiting for 1000milli sec
clicking on SignInButton
waiting for 1000milli sec
Clicking on MyAccount Button
waiting for 1000milli sec
Clicking on MyProfile Button
waiting for 1000milli sec
switching to child page
waiting for 1000milli sec
TC Execution started for TC validateUserName
waiting for 1000milli sec
getting ActualUserName
waiting for 1000milli sec
reading dataUNFrom propertyFile
TC validateUserNamePassed successfull
logging out
closing Browser]]>
  </system-out>
</testsuite> <!-- test.PBtest_usingPropertiesFile -->
