<?xml version="1.0" encoding="UTF-8"?>
<!-- Generated by org.testng.reporters.JUnitReportReporter -->
<testsuite hostname="LAPTOP-LFMLON88" failures="0" tests="1" name="test.NewTest" time="4.454" errors="0" timestamp="2023-07-24T14:16:29 IST" skipped="0">
  <testcase classname="test.NewTest" name="f" time="4.454"/>
</testsuite> <!-- test.NewTest -->
